<?xml version="1.0" encoding="UTF-8"?>
<!-- Generated by org.testng.reporters.JUnitReportReporter -->
<testsuite skipped="0" hostname="ram-PC" name="request.PostOrderBook" tests="1" failures="0" timestamp="2021-03-12T14:19:42 IST" time="8.636" errors="0">
  <testcase name="OrderABook" time="8.636" classname="request.PostOrderBook"/>
  <system-out/>
</testsuite> <!-- request.PostOrderBook -->
