<?xml version="1.0" encoding="UTF-8"?>
<!-- Generated by org.testng.reporters.JUnitReportReporter -->
<testsuite skipped="0" hostname="ram-PC" name="request.GetAllHeaders" tests="1" failures="0" timestamp="2021-03-12T09:52:18 IST" time="6.166" errors="0">
  <testcase name="GetHeaders" time="6.166" classname="request.GetAllHeaders"/>
  <system-out/>
</testsuite> <!-- request.GetAllHeaders -->
