<?xml version="1.0" encoding="UTF-8"?>
<!-- Generated by org.testng.reporters.JUnitReportReporter -->
<testsuite skipped="0" hostname="ram-PC" name="request.Get_Request" tests="1" failures="0" timestamp="2021-03-12T09:35:31 IST" time="6.129" errors="0">
  <testcase name="Get_ListofBooks" time="6.129" classname="request.Get_Request"/>
  <system-out/>
</testsuite> <!-- request.Get_Request -->
