<?xml version="1.0" encoding="UTF-8"?>
<!-- Generated by org.testng.reporters.JUnitReportReporter -->
<testsuite skipped="0" hostname="ram-PC" name="request.DeleteBookOrder" tests="1" failures="0" timestamp="2021-03-12T14:20:16 IST" time="6.045" errors="0">
  <testcase name="DelBookOder" time="6.045" classname="request.DeleteBookOrder"/>
  <system-out/>
</testsuite> <!-- request.DeleteBookOrder -->
